(---------------------------------------------------------------------)
(                                                                     )
(    NC DRILL Log                                                     )
(                                                                     )
(    Drawing          : 2510300_REV-D.brd                             )
(    Software Version : 16.6-2015S051                                 )
(    Date/Time        : Tue Apr 12 06:54:07 2016                      )
(                                                                     )
(---------------------------------------------------------------------)



 Processing NC Parameters file 'nc_param.txt' ...

 NC PARAMETERS
 -------------

 FORMAT   		2.5
 MACHINE-OFFSET		x:0.00000	y:0.00000   (inch)
 FEEDRATE		1
 COORDINATES		ABSOLUTE
 OUTPUT-UNITS		ENGLISH
 TOOL-ORDER		INCREASING
 REPEAT-CODES		YES
 SUPPRESS-LEAD-ZEROES	YES
 SUPPRESS-TRAIL-ZEROES	NO
 SUPPRESS-EQUAL		YES
 TOOL-SELECT		YES
 HEADER			none
 LEADER			12
 CODE			ASCII
 SEPARATE		NO
 SEPARATE-ROUTING	NO
 OPTIMIZE_DRILLING	NO
 ENHANCED_EXCELLON	NO
 SCALE			1.000000

 WARNING(SPMHMF-358): Design precision is the same as that of the drill output file data.
 WARNING(SPMHMF-359): Data rounding errors may still be possible.
 WARNING(SPMHMF-365): This design contains 9 slot holes that can NOT be drilled.
 WARNING(SPMHMF-366): They can be processed by NC routing instead.
 WARNING(SPMHMF-368): Cannot find NC Drill tool file 'nc_tools.txt'
 WARNING(SPMHMF-369): ... will auto-generate tool file 'nc_tools_auto.txt'.


     Auto-generating tool file 'nc_tools_auto.txt' ...

           Size  Plating  Tool        + Tolerance  - Tolerance

           8.00  P        T01            3.000000     3.000000
          10.00  P        T02            3.000000     3.000000
          12.00  P        T03            3.000000     3.000000
          32.00  P        T04            3.000000     3.000000
          36.00  P        T05            3.000000     3.000000
          40.00  P        T06            2.000000     2.000000
          40.00  P        T07            3.000000     3.000000
          41.00  P        T08            3.000000     3.000000
          66.00  P        T09            3.000000     3.000000
         140.00  P        T10            3.000000     3.000000
          39.00  N        T11            3.000000     3.000000
          40.00  N        T12            2.000000     2.000000
          44.00  N        T13            3.000000     3.000000
          64.00  N        T14            3.000000     3.000000
          95.00  N        T15            3.000000     3.000000
          96.00  N        T16            2.000000     2.000000
         180.00  N        T17           10.000000    10.000000


 Drill files being output to directory 'I:/BD_Boards/DLI_4100_2510300-Rev-D/Board/films' ...



     'ncdrill-1-20.drl' created for holes connecting TOP and BOTTOM
     --------------------------------------------------------------

     Tool  Num     Size      +/- Tolerance     Plating   Quantity

     T01    1.   8.0000    3.0000/  3.0000      PLATED       3563
     T02    2.  10.0000    3.0000/  3.0000      PLATED        332
     T03    3.  12.0000    3.0000/  3.0000      PLATED         67
     T04    4.  32.0000    3.0000/  3.0000      PLATED         10
     T05    5.  36.0000    3.0000/  3.0000      PLATED          8
     T06    6.  40.0000    2.0000/  2.0000      PLATED          4
     T07    7.  40.0000    3.0000/  3.0000      PLATED         37
     T08    8.  41.0000    3.0000/  3.0000      PLATED         15
     T09    9.  66.0000    3.0000/  3.0000      PLATED          4
     T10   10. 140.0000    3.0000/  3.0000      PLATED          4
     T11   11.  39.0000    3.0000/  3.0000  NON_PLATED          2
     T12   12.  40.0000    2.0000/  2.0000  NON_PLATED          2
     T13   13.  44.0000    3.0000/  3.0000  NON_PLATED          5
     T14   14.  64.0000    3.0000/  3.0000  NON_PLATED          1
     T15   15.  95.0000    3.0000/  3.0000  NON_PLATED          2
     T16   16.  96.0000    2.0000/  2.0000  NON_PLATED          1
     T17   17. 180.0000   10.0000/ 10.0000  NON_PLATED          4

     ---- Total holes:                                       4061

     ---- Total head travel:              276.16 feet (84.17 meters)

